[2019-08-26T10:44:56Z-0400] Changing working directory to responses folder at: /home/joshua/Desktop/warns
[2019-08-26T10:44:56Z-0400] Looking for images
[2019-08-26T10:44:56Z-0400] Found image /home/joshua/Desktop/warns/phase/phase0.png
[2019-08-26T10:44:56Z-0400] Found image /home/joshua/Desktop/warns/yaroslav/yaroslav0.png
[2019-08-26T10:44:56Z-0400] Found image /home/joshua/Desktop/warns/vywr/vywr1.png
[2019-08-26T10:44:56Z-0400] Found image /home/joshua/Desktop/warns/vywr/vywr0.png
[2019-08-26T10:44:56Z-0400] Found image /home/joshua/Desktop/warns/dash/dash0.png
[2019-08-26T10:44:56Z-0400] Starting Bot
[2019-09-19T10:04:59Z-0400] Changing working directory to responses folder at: /home/joshua/TypingDetector/warns
[2019-09-19T10:04:59Z-0400] Looking for images
[2019-09-19T10:04:59Z-0400] Found image /home/joshua/TypingDetector/warns/vywr/vywr0.png
[2019-09-19T10:04:59Z-0400] Found image /home/joshua/TypingDetector/warns/vywr/vywr1.png
[2019-09-19T10:04:59Z-0400] Found image /home/joshua/TypingDetector/warns/phase/phase0.png
[2019-09-19T10:04:59Z-0400] Found image /home/joshua/TypingDetector/warns/yaroslav/yaroslav0.png
[2019-09-19T10:04:59Z-0400] Found image /home/joshua/TypingDetector/warns/dash/dash0.png
[2019-09-19T10:04:59Z-0400] Starting Bot
[2019-09-19T10:09:05Z-0400] phase858: "xcxcxcx" > "xcxcxcx" resp: "/home/joshua/TypingDetector/warns/phase/phase0.png"
[2019-09-19T10:14:45Z-0400] Changing working directory to responses folder at: /home/joshua/TypingDetector/warns
[2019-09-19T10:14:45Z-0400] Looking for images
[2019-09-19T10:14:45Z-0400] Found image /home/joshua/TypingDetector/warns/vywr/vywr0.png
[2019-09-19T10:14:45Z-0400] Found image /home/joshua/TypingDetector/warns/vywr/vywr1.png
[2019-09-19T10:14:45Z-0400] Found image /home/joshua/TypingDetector/warns/phase/phase0.png
[2019-09-19T10:14:45Z-0400] Found image /home/joshua/TypingDetector/warns/yaroslav/yaroslav0.png
[2019-09-19T10:14:45Z-0400] Found image /home/joshua/TypingDetector/warns/dash/dash0.png
[2019-09-19T10:14:45Z-0400] Starting Bot
[2019-09-19T10:14:55Z-0400] phase858: "hfhdjfhdj" > "hfhdjfhdj" resp: "/home/joshua/TypingDetector/warns/vywr/vywr1.png"
[2019-09-19T10:15:28Z-0400] phase858: "ocr this!" > "ocr this!" resp: "/home/joshua/TypingDetector/warns/vywr/vywr0.png"
[2019-09-21T09:07:30Z-0400] Changing working directory to responses folder at: /home/joshua/TypingDetector/warns
[2019-09-21T09:07:30Z-0400] Looking for images
[2019-09-21T09:07:30Z-0400] Found image /home/joshua/TypingDetector/warns/vywr/vywr0.png
[2019-09-21T09:07:30Z-0400] Found image /home/joshua/TypingDetector/warns/vywr/vywr1.png
[2019-09-21T09:07:30Z-0400] Found image /home/joshua/TypingDetector/warns/phase/phase0.png
[2019-09-21T09:07:30Z-0400] Found image /home/joshua/TypingDetector/warns/yaroslav/yaroslav0.png
[2019-09-21T09:07:30Z-0400] Found image /home/joshua/TypingDetector/warns/dash/dash0.png
[2019-09-21T09:07:30Z-0400] Starting Bot
[2019-09-30T02:03:50Z-0400] Changing working directory to responses folder at: /home/joshua/TypingDetector/warns
[2019-09-30T02:03:50Z-0400] Looking for images
[2019-09-30T02:03:50Z-0400] Found image /home/joshua/TypingDetector/warns/vywr/vywr0.png
[2019-09-30T02:03:50Z-0400] Found image /home/joshua/TypingDetector/warns/vywr/vywr1.png
[2019-09-30T02:03:50Z-0400] Found image /home/joshua/TypingDetector/warns/phase/phase0.png
[2019-09-30T02:03:50Z-0400] Found image /home/joshua/TypingDetector/warns/yaroslav/yaroslav0.png
[2019-09-30T02:03:50Z-0400] Found image /home/joshua/TypingDetector/warns/dash/dash0.png
[2019-09-30T02:03:50Z-0400] Starting Bot
[2019-10-05T00:58:05Z-0400] Changing working directory to responses folder at: /home/joshua/TypingDetector/warns
[2019-10-05T00:58:05Z-0400] Looking for images
[2019-10-05T00:58:05Z-0400] Found image /home/joshua/TypingDetector/warns/vywr/vywr0.png
[2019-10-05T00:58:05Z-0400] Found image /home/joshua/TypingDetector/warns/vywr/vywr1.png
[2019-10-05T00:58:05Z-0400] Found image /home/joshua/TypingDetector/warns/phase/phase0.png
[2019-10-05T00:58:05Z-0400] Found image /home/joshua/TypingDetector/warns/yaroslav/yaroslav0.png
[2019-10-05T00:58:05Z-0400] Found image /home/joshua/TypingDetector/warns/dash/dash0.png
[2019-10-05T00:58:05Z-0400] Starting Bot
[2019-10-05T01:18:43Z-0400] Changing working directory to responses folder at: /home/joshua/TypingDetector/warns
[2019-10-05T01:18:43Z-0400] Looking for images
[2019-10-05T01:18:43Z-0400] Found image /home/joshua/TypingDetector/warns/vywr/vywr0.png
[2019-10-05T01:18:43Z-0400] Found image /home/joshua/TypingDetector/warns/vywr/vywr1.png
[2019-10-05T01:18:43Z-0400] Found image /home/joshua/TypingDetector/warns/phase/phase0.png
[2019-10-05T01:18:43Z-0400] Found image /home/joshua/TypingDetector/warns/yaroslav/yaroslav0.png
[2019-10-05T01:18:43Z-0400] Found image /home/joshua/TypingDetector/warns/dash/dash0.png
[2019-10-05T01:18:43Z-0400] Starting Bot
[2019-10-10T22:43:46Z-0400] Badcatalex: "<@231626573231554562>" > "" resp: ""
[2019-10-10T23:58:44Z-0400] phase858: "" > "" resp: ""
[2019-10-11T00:00:39Z-0400] phase858: "" > "" resp: ""
[2019-10-11T00:08:18Z-0400] Dash Lambda: "" > "" resp: ""
[2019-10-11T00:10:14Z-0400] Dash Lambda: "" > "" resp: ""
[2019-10-11T02:00:11Z-0400] riptide109: "" > "" resp: ""
[2019-10-11T09:23:29Z-0400] Chrizzy: "" > "" resp: ""
[2019-10-11T10:42:50Z-0400] Yaroslav: "" > "" resp: ""
[2019-10-11T13:58:21Z-0400] Mandrake: "" > "" resp: ""
[2019-10-12T16:44:31Z-0400] phase858: "" > "" resp: ""
[2019-10-12T23:01:24Z-0400] Ace Dystopia: "" > "" resp: ""
[2019-10-12T23:01:27Z-0400] Ace Dystopia: "<@554428914252906496>" > "" resp: ""
[2019-10-12T23:03:47Z-0400] Dash Lambda: "" > "" resp: ""
[2019-10-12T23:04:01Z-0400] Ace Dystopia: "<@137774517144518656>" > "" resp: ""
[2019-10-12T23:07:11Z-0400] Ace Dystopia: "" > "" resp: ""
[2019-10-12T23:07:32Z-0400] Ace Dystopia: "" > "" resp: ""
[2019-10-12T23:09:04Z-0400] Dash Lambda: "" > "" resp: ""
[2019-10-12T23:11:01Z-0400] Ace Dystopia: "" > "" resp: ""
[2019-10-12T23:13:13Z-0400] Dash Lambda: "" > "" resp: ""
[2019-10-20T22:14:27Z-0400] Dash Lambda: "<@137774517144518656> <@120402147153018885>" > " " resp: "/home/joshua/TypingDetector/warns/vywr/vywr1.png"
[2019-10-20T22:16:52Z-0400] Dash Lambda: "" > "" resp: ""
[2019-10-20T22:37:50Z-0400] Changing working directory to responses folder at: /home/joshua/TypingDetector/warns
[2019-10-20T22:37:50Z-0400] Looking for images
[2019-10-20T22:37:50Z-0400] Found image /home/joshua/TypingDetector/warns/vywr/vywr0.png
[2019-10-20T22:37:50Z-0400] Found image /home/joshua/TypingDetector/warns/vywr/vywr1.png
[2019-10-20T22:37:50Z-0400] Found image /home/joshua/TypingDetector/warns/phase/phase0.png
[2019-10-20T22:37:50Z-0400] Found image /home/joshua/TypingDetector/warns/yaroslav/yaroslav0.png
[2019-10-20T22:37:50Z-0400] Found image /home/joshua/TypingDetector/warns/dash/dash0.png
[2019-10-20T22:37:50Z-0400] Starting Bot
[2019-10-20T22:38:07Z-0400] phase858: "test" > "test" resp: "/home/joshua/TypingDetector/warns/yaroslav/yaroslav0.png"
[2019-10-20T22:38:28Z-0400] phase858: "<@503746221907902464> <@137774517144518656>  <@553316816655482889>" > "<> <>  <>" resp: "/home/joshua/TypingDetector/warns/yaroslav/yaroslav0.png"
[2019-10-20T22:39:34Z-0400] phase858: "<@503746221907902464> <@137774517144518656>  <@553316816655482889>" > "<> <>  <>" resp: "/home/joshua/TypingDetector/warns/phase/phase0.png"
[2019-10-20T22:43:05Z-0400] Changing working directory to responses folder at: /home/joshua/TypingDetector/warns
[2019-10-20T22:43:05Z-0400] Looking for images
[2019-10-20T22:43:05Z-0400] Found image /home/joshua/TypingDetector/warns/vywr/vywr0.png
[2019-10-20T22:43:05Z-0400] Found image /home/joshua/TypingDetector/warns/vywr/vywr1.png
[2019-10-20T22:43:05Z-0400] Found image /home/joshua/TypingDetector/warns/phase/phase0.png
[2019-10-20T22:43:05Z-0400] Found image /home/joshua/TypingDetector/warns/yaroslav/yaroslav0.png
[2019-10-20T22:43:05Z-0400] Found image /home/joshua/TypingDetector/warns/dash/dash0.png
[2019-10-20T22:43:05Z-0400] Starting Bot
[2019-10-20T22:43:28Z-0400] phase858: "<@503746221907902464>  <@553316816655482889>  <@137774517144518656>" > "    " resp: "/home/joshua/TypingDetector/warns/yaroslav/yaroslav0.png"
[2019-10-20T22:48:09Z-0400] Changing working directory to responses folder at: /home/joshua/TypingDetector/warns
[2019-10-20T22:48:09Z-0400] Looking for images
[2019-10-20T22:48:09Z-0400] Found image /home/joshua/TypingDetector/warns/vywr/vywr0.png
[2019-10-20T22:48:09Z-0400] Found image /home/joshua/TypingDetector/warns/vywr/vywr1.png
[2019-10-20T22:48:09Z-0400] Found image /home/joshua/TypingDetector/warns/phase/phase0.png
[2019-10-20T22:48:09Z-0400] Found image /home/joshua/TypingDetector/warns/yaroslav/yaroslav0.png
[2019-10-20T22:48:09Z-0400] Found image /home/joshua/TypingDetector/warns/dash/dash0.png
[2019-10-20T22:48:09Z-0400] Starting Bot
[2019-10-20T22:48:42Z-0400] Ace Dystopia: "" > "" resp: ""
[2019-10-20T22:48:52Z-0400] phase858: "<@503746221907902464> <@553316816655482889>" > " " resp: "/home/joshua/TypingDetector/warns/vywr/vywr0.png"
[2019-10-20T23:28:35Z-0400] Changing working directory to responses folder at: /home/joshua/TypingDetector/warns
[2019-10-20T23:28:35Z-0400] Looking for images
[2019-10-20T23:28:35Z-0400] Found image /home/joshua/TypingDetector/warns/vywr/vywr0.png
[2019-10-20T23:28:35Z-0400] Found image /home/joshua/TypingDetector/warns/vywr/vywr1.png
[2019-10-20T23:28:35Z-0400] Found image /home/joshua/TypingDetector/warns/phase/phase0.png
[2019-10-20T23:28:35Z-0400] Found image /home/joshua/TypingDetector/warns/yaroslav/yaroslav0.png
[2019-10-20T23:28:35Z-0400] Found image /home/joshua/TypingDetector/warns/dash/dash0.png
[2019-10-20T23:28:35Z-0400] Starting Bot
[2019-10-20T23:29:52Z-0400] phase858: "<@137774517144518656> <@553316816655482889>  <@503746221907902464>" > "<@137774517144518656> <@553316816655482889>  <@503746221907902464>" resp: "/home/joshua/TypingDetector/warns/yaroslav/yaroslav0.png"
[2019-10-22T08:36:50Z-0400] Changing working directory to responses folder at: /home/joshua/TypingDetector/warns
[2019-10-22T08:36:50Z-0400] Looking for images
[2019-10-22T08:36:50Z-0400] Found image /home/joshua/TypingDetector/warns/vywr/vywr0.png
[2019-10-22T08:36:50Z-0400] Found image /home/joshua/TypingDetector/warns/vywr/vywr1.png
[2019-10-22T08:36:50Z-0400] Found image /home/joshua/TypingDetector/warns/phase/phase0.png
[2019-10-22T08:36:50Z-0400] Found image /home/joshua/TypingDetector/warns/yaroslav/yaroslav0.png
[2019-10-22T08:36:50Z-0400] Found image /home/joshua/TypingDetector/warns/dash/dash0.png
[2019-10-22T08:36:50Z-0400] Starting Bot
[2019-10-22T08:37:47Z-0400] phase858: "<@137774517144518656>" > "" resp: ""
[2019-10-22T08:38:03Z-0400] phase858: "<@137774517144518656>  <@503746221907902464>" > "  " resp: "/home/joshua/TypingDetector/warns/vywr/vywr0.png"
[2019-10-22T08:40:07Z-0400] Changing working directory to responses folder at: /home/joshua/TypingDetector/warns
[2019-10-22T08:40:07Z-0400] Looking for images
[2019-10-22T08:40:07Z-0400] Found image /home/joshua/TypingDetector/warns/vywr/vywr0.png
[2019-10-22T08:40:07Z-0400] Found image /home/joshua/TypingDetector/warns/vywr/vywr1.png
[2019-10-22T08:40:07Z-0400] Found image /home/joshua/TypingDetector/warns/phase/phase0.png
[2019-10-22T08:40:07Z-0400] Found image /home/joshua/TypingDetector/warns/yaroslav/yaroslav0.png
[2019-10-22T08:40:07Z-0400] Found image /home/joshua/TypingDetector/warns/dash/dash0.png
[2019-10-22T08:40:07Z-0400] Starting Bot
[2019-10-22T08:45:20Z-0400] Changing working directory to responses folder at: /home/joshua/TypingDetector/warns
[2019-10-22T08:45:20Z-0400] Looking for images
[2019-10-22T08:45:20Z-0400] Found image /home/joshua/TypingDetector/warns/vywr/vywr0.png
[2019-10-22T08:45:20Z-0400] Found image /home/joshua/TypingDetector/warns/vywr/vywr1.png
[2019-10-22T08:45:20Z-0400] Found image /home/joshua/TypingDetector/warns/phase/phase0.png
[2019-10-22T08:45:20Z-0400] Found image /home/joshua/TypingDetector/warns/yaroslav/yaroslav0.png
[2019-10-22T08:45:20Z-0400] Found image /home/joshua/TypingDetector/warns/dash/dash0.png
[2019-10-22T08:45:20Z-0400] Starting Bot
[2019-10-22T08:45:28Z-0400] phase858: "ssfhsjdfhskj" > "ssfhsjdfhskj" resp: "/home/joshua/TypingDetector/warns/vywr/vywr1.png"
[2019-10-22T08:45:45Z-0400] phase858: "<@137774517144518656>  dsndnsdkns" > "  dsndnsdkns" resp: "/home/joshua/TypingDetector/warns/vywr/vywr0.png"
[2019-10-22T08:45:58Z-0400] phase858: "<@137774517144518656>  <@137774517144518656>  <@137774517144518656>" > "    " resp: "/home/joshua/TypingDetector/warns/vywr/vywr0.png"
[2019-10-22T08:51:37Z-0400] phase858: "<@137774517144518656>  test" > "  test" resp: "/home/joshua/TypingDetector/warns/dash/dash0.png"
[2019-10-22T08:51:41Z-0400] phase858: "<@137774517144518656>" > "" resp: ""
[2019-10-22T08:53:44Z-0400] Changing working directory to responses folder at: /home/joshua/TypingDetector/warns
[2019-10-22T08:53:44Z-0400] Looking for images
[2019-10-22T08:53:44Z-0400] Found image /home/joshua/TypingDetector/warns/vywr/vywr0.png
[2019-10-22T08:53:44Z-0400] Found image /home/joshua/TypingDetector/warns/vywr/vywr1.png
[2019-10-22T08:53:44Z-0400] Found image /home/joshua/TypingDetector/warns/phase/phase0.png
[2019-10-22T08:53:44Z-0400] Found image /home/joshua/TypingDetector/warns/yaroslav/yaroslav0.png
[2019-10-22T08:53:44Z-0400] Found image /home/joshua/TypingDetector/warns/dash/dash0.png
[2019-10-22T08:53:44Z-0400] Starting Bot
[2019-10-22T08:53:57Z-0400] phase858: "<@137774517144518656>          <@137774517144518656>" > "" resp: ""
[2019-10-22T08:54:08Z-0400] phase858: "<@137774517144518656>  no test <@137774517144518656>" > "notest" resp: "/home/joshua/TypingDetector/warns/yaroslav/yaroslav0.png"
[2019-10-22T08:54:19Z-0400] phase858: "<@137774517144518656>                    <@137774517144518656>" > "" resp: ""
[2019-10-22T08:58:01Z-0400] Changing working directory to responses folder at: /home/joshua/TypingDetector/warns
[2019-10-22T08:58:01Z-0400] Looking for images
[2019-10-22T08:58:01Z-0400] Found image /home/joshua/TypingDetector/warns/vywr/vywr0.png
[2019-10-22T08:58:01Z-0400] Found image /home/joshua/TypingDetector/warns/vywr/vywr1.png
[2019-10-22T08:58:01Z-0400] Found image /home/joshua/TypingDetector/warns/phase/phase0.png
[2019-10-22T08:58:01Z-0400] Found image /home/joshua/TypingDetector/warns/yaroslav/yaroslav0.png
[2019-10-22T08:58:01Z-0400] Found image /home/joshua/TypingDetector/warns/dash/dash0.png
[2019-10-22T08:58:01Z-0400] Starting Bot
[2019-10-22T08:59:14Z-0400] phase858: "<@137774517144518656>  test text <@137774517144518656>" > "testtext" resp: "/home/joshua/TypingDetector/warns/dash/dash0.png"
[2019-10-22T09:34:38Z-0400] phase858: "<@137774517144518656>                          <@137774517144518656>" > "" resp: ""
[2019-10-26T13:36:00Z-0400] phase858: ":.|:;" > ":.|:;" resp: "/home/joshua/TypingDetector/warns/vywr/vywr0.png"
[2019-10-26T13:36:23Z-0400] phase858: ":Ì¶.Ì¶|Ì¶:Ì¶;Ì¶" > ":Ì¶.Ì¶|Ì¶:Ì¶;Ì¶" resp: "/home/joshua/TypingDetector/warns/yaroslav/yaroslav0.png"
[2019-10-26T16:24:54Z-0400] phase858: "ð•ªÌ¿Ì³Íˆâƒâƒžð•¥Ì¿Ì³Íˆâƒâƒžð•šÌ¿Ì³Íˆâƒâƒžð•Ì¿Ì³Íˆâƒâƒžð•’Ì¿Ì³Íˆâƒâƒžð•–Ì¿Ì³Íˆâƒâƒžð•£Ì¿Ì³Íˆâƒâƒž Ì¿Ì³Íˆâƒâƒžð•ŸÌ¿Ì³Íˆâƒâƒžð•šÌ¿Ì³Íˆâƒâƒž Ì¿Ì³Íˆâƒâƒžð•¤Ì¿Ì³Íˆâƒâƒžð•œÌ¿Ì³Íˆâƒâƒžð•”Ì¿Ì³Íˆâƒâƒžð•’Ì¿Ì³Íˆâƒâƒžð•£Ì¿Ì³Íˆâƒâƒžð•”Ì¿Ì³Íˆâƒâƒž Ì¿Ì³Íˆâƒâƒžð•–Ì¿Ì³Íˆâƒâƒžð•™Ì¿Ì³Íˆâƒâƒžð•¥Ì¿Ì³Íˆâƒâƒž Ì¿Ì³Íˆâƒâƒžð•žÌ¿Ì³Íˆâƒâƒžð• Ì¿Ì³Íˆâƒâƒžð•£Ì¿Ì³Íˆâƒâƒžð•—Ì¿Ì³Íˆâƒâƒž Ì¿Ì³Íˆâƒâƒžð•˜Ì¿Ì³Íˆâƒâƒžð•ŸÌ¿Ì³Íˆâƒâƒžð•šÌ¿Ì³Íˆâƒâƒžð••Ì¿Ì³Íˆâƒâƒžð•–Ì¿Ì³Íˆâƒâƒžð•–Ì¿Ì³Íˆâƒâƒžð•Ì¿Ì³Íˆâƒâƒžð•“Ì¿Ì³Íˆâƒâƒž Ì¿Ì³Íˆâƒâƒžð•¥Ì¿Ì³Íˆâƒâƒžð•šÌ¿Ì³Íˆâƒâƒž Ì¿Ì³Íˆâƒâƒžð•£Ì¿Ì³Íˆâƒâƒžð•’Ì¿Ì³Íˆâƒâƒžð•–Ì¿Ì³Íˆâƒâƒžð•™Ì¿Ì³Íˆâƒâƒž Ì¿Ì³Íˆâƒâƒžð•ŸÌ¿Ì³Íˆâƒâƒžð•’Ì¿Ì³Íˆâƒâƒžð•”Ì¿Ì³Íˆâƒâƒž Ì¿Ì³Íˆâƒâƒžð•€Ì¿Ì³Íˆâƒâƒž" > "ð•ªÌ¿Ì³Íˆâƒâƒžð•¥Ì¿Ì³Íˆâƒâƒžð•šÌ¿Ì³Íˆâƒâƒžð•Ì¿Ì³Íˆâƒâƒžð•’Ì¿Ì³Íˆâƒâƒžð•–Ì¿Ì³Íˆâƒâƒžð•£Ì¿Ì³ÍˆâƒâƒžÌ¿Ì³Íˆâƒâƒžð•ŸÌ¿Ì³Íˆâƒâƒžð•šÌ¿Ì³ÍˆâƒâƒžÌ¿Ì³Íˆâƒâƒžð•¤Ì¿Ì³Íˆâƒâƒžð•œÌ¿Ì³Íˆâƒâƒžð•”Ì¿Ì³Íˆâƒâƒžð•’Ì¿Ì³Íˆâƒâƒžð•£Ì¿Ì³Íˆâƒâƒžð•”Ì¿Ì³ÍˆâƒâƒžÌ¿Ì³Íˆâƒâƒžð•–Ì¿Ì³Íˆâƒâƒžð•™Ì¿Ì³Íˆâƒâƒžð•¥Ì¿Ì³ÍˆâƒâƒžÌ¿Ì³Íˆâƒâƒžð•žÌ¿Ì³Íˆâƒâƒžð• Ì¿Ì³Íˆâƒâƒžð•£Ì¿Ì³Íˆâƒâƒžð•—Ì¿Ì³ÍˆâƒâƒžÌ¿Ì³Íˆâƒâƒžð•˜Ì¿Ì³Íˆâƒâƒžð•ŸÌ¿Ì³Íˆâƒâƒžð•šÌ¿Ì³Íˆâƒâƒžð••Ì¿Ì³Íˆâƒâƒžð•–Ì¿Ì³Íˆâƒâƒžð•–Ì¿Ì³Íˆâƒâƒžð•Ì¿Ì³Íˆâƒâƒžð•“Ì¿Ì³ÍˆâƒâƒžÌ¿Ì³Íˆâƒâƒžð•¥Ì¿Ì³Íˆâƒâƒžð•šÌ¿Ì³ÍˆâƒâƒžÌ¿Ì³Íˆâƒâƒžð•£Ì¿Ì³Íˆâƒâƒžð•’Ì¿Ì³Íˆâƒâƒžð•–Ì¿Ì³Íˆâƒâƒžð•™Ì¿Ì³ÍˆâƒâƒžÌ¿Ì³Íˆâƒâƒžð•ŸÌ¿Ì³Íˆâƒâƒžð•’Ì¿Ì³Íˆâƒâƒžð•”Ì¿Ì³ÍˆâƒâƒžÌ¿Ì³Íˆâƒâƒžð•€Ì¿Ì³Íˆâƒâƒž" resp: "/home/joshua/TypingDetector/warns/dash/dash0.png"
[2019-10-28T14:41:18Z-0400] phase858: "!ping" > "!ping" resp: "/home/joshua/TypingDetector/warns/dash/dash0.png"
[2019-10-28T14:41:19Z-0400] phase858: "ping" > "ping" resp: "/home/joshua/TypingDetector/warns/dash/dash0.png"
[2019-10-30T12:02:26Z-0400] Fluffy: "" > "" resp: ""
[2019-11-30T01:25:38Z-0500] Changing working directory to responses folder at: /home/joshua/TypingDetector/warns
[2019-11-30T01:25:38Z-0500] Looking for images
[2019-11-30T01:25:38Z-0500] Found image /home/joshua/TypingDetector/warns/vywr/vywr0.png
[2019-11-30T01:25:38Z-0500] Found image /home/joshua/TypingDetector/warns/vywr/vywr1.png
[2019-11-30T01:25:38Z-0500] Found image /home/joshua/TypingDetector/warns/phase/phase0.png
[2019-11-30T01:25:38Z-0500] Found image /home/joshua/TypingDetector/warns/yaroslav/yaroslav0.png
[2019-11-30T01:25:38Z-0500] Found image /home/joshua/TypingDetector/warns/dash/dash0.png
[2019-11-30T01:25:38Z-0500] Starting Bot
[2019-11-30T10:41:12Z-0500] cecileeeeee: "" > "" resp: ""
[2019-11-30T10:50:05Z-0500] cecileeeeee: "" > "" resp: ""
[2019-11-30T17:46:06Z-0500] Vywr: "" > "" resp: ""
[2019-11-30T18:03:25Z-0500] Yaroslav: "" > "" resp: ""
[2019-12-04T12:50:34Z-0500] Changing working directory to responses folder at: /home/joshua/TypingDetector/warns
[2019-12-04T12:50:34Z-0500] Looking for images
[2019-12-04T12:50:34Z-0500] Found image /home/joshua/TypingDetector/warns/vywr/vywr0.png
[2019-12-04T12:50:34Z-0500] Found image /home/joshua/TypingDetector/warns/vywr/vywr1.png
[2019-12-04T12:50:34Z-0500] Found image /home/joshua/TypingDetector/warns/phase/phase0.png
[2019-12-04T12:50:34Z-0500] Found image /home/joshua/TypingDetector/warns/yaroslav/yaroslav0.png
[2019-12-04T12:50:34Z-0500] Found image /home/joshua/TypingDetector/warns/dash/dash0.png
[2019-12-04T12:50:34Z-0500] Starting Bot
[2019-12-04T12:55:06Z-0500] Changing working directory to responses folder at: /home/joshua/TypingDetector/warns
[2019-12-04T12:55:06Z-0500] Looking for images
[2019-12-04T12:55:06Z-0500] Found image /home/joshua/TypingDetector/warns/vywr/vywr0.png
[2019-12-04T12:55:06Z-0500] Found image /home/joshua/TypingDetector/warns/vywr/vywr1.png
[2019-12-04T12:55:06Z-0500] Found image /home/joshua/TypingDetector/warns/phase/phase0.png
[2019-12-04T12:55:06Z-0500] Found image /home/joshua/TypingDetector/warns/yaroslav/yaroslav0.png
[2019-12-04T12:55:06Z-0500] Found image /home/joshua/TypingDetector/warns/dash/dash0.png
[2019-12-04T12:55:06Z-0500] Starting Bot
[2019-12-04T13:04:24Z-0500] Changing working directory to responses folder at: /home/joshua/TypingDetector/warns
[2019-12-04T13:04:24Z-0500] Looking for images
[2019-12-04T13:04:24Z-0500] Found image /home/joshua/TypingDetector/warns/vywr/vywr0.png
[2019-12-04T13:04:24Z-0500] Found image /home/joshua/TypingDetector/warns/vywr/vywr1.png
[2019-12-04T13:04:24Z-0500] Found image /home/joshua/TypingDetector/warns/phase/phase0.png
[2019-12-04T13:04:24Z-0500] Found image /home/joshua/TypingDetector/warns/yaroslav/yaroslav0.png
[2019-12-04T13:04:24Z-0500] Found image /home/joshua/TypingDetector/warns/dash/dash0.png
[2019-12-04T13:04:24Z-0500] Starting Bot
[2019-12-09T17:39:56Z-0500] Vywr: "" > "" resp: ""
[2019-12-09T17:40:20Z-0500] Vywr: "" > "" resp: ""
[2019-12-12T14:43:35Z-0500] phase858: "" > "" resp: ""
[2019-12-12T15:45:44Z-0500] riptide109: "" > "" resp: ""
[2019-12-12T15:54:22Z-0500] phase858: "" > "" resp: ""
[2019-12-12T15:56:26Z-0500] phase858: "" > "" resp: ""
[2019-12-27T19:44:14Z-0500] Changing working directory to responses folder at: /home/joshua/TypingDetector/warns
[2019-12-27T19:44:14Z-0500] Looking for images
[2019-12-27T19:44:14Z-0500] Found image /home/joshua/TypingDetector/warns/phase/phase0.png
[2019-12-27T19:44:14Z-0500] Starting Bot
[2019-12-27T20:00:06Z-0500] Changing working directory to responses folder at: /home/joshua/TypingDetector/warns
[2019-12-27T20:00:06Z-0500] Looking for images
[2019-12-27T20:00:06Z-0500] Found image /home/joshua/TypingDetector/warns/phase/phase0.png
[2019-12-27T20:00:06Z-0500] Starting Bot
[2019-12-28T00:00:06Z-0500] Changing working directory to responses folder at: /home/joshua/TypingDetector/warns
[2019-12-28T00:00:06Z-0500] Looking for images
[2019-12-28T00:00:06Z-0500] Found image /home/joshua/TypingDetector/warns/phase/phase0.png
[2019-12-28T00:00:06Z-0500] Starting Bot
[2019-12-28T04:00:06Z-0500] Changing working directory to responses folder at: /home/joshua/TypingDetector/warns
[2019-12-28T04:00:06Z-0500] Looking for images
[2019-12-28T04:00:06Z-0500] Found image /home/joshua/TypingDetector/warns/phase/phase0.png
[2019-12-28T04:00:06Z-0500] Starting Bot
[2019-12-28T08:00:05Z-0500] Changing working directory to responses folder at: /home/joshua/TypingDetector/warns
[2019-12-28T08:00:05Z-0500] Looking for images
[2019-12-28T08:00:05Z-0500] Found image /home/joshua/TypingDetector/warns/phase/phase0.png
[2019-12-28T08:00:05Z-0500] Starting Bot
[2019-12-28T12:00:06Z-0500] Changing working directory to responses folder at: /home/joshua/TypingDetector/warns
[2019-12-28T12:00:06Z-0500] Looking for images
[2019-12-28T12:00:06Z-0500] Found image /home/joshua/TypingDetector/warns/phase/phase0.png
[2019-12-28T12:00:06Z-0500] Starting Bot
[2019-12-28T16:00:06Z-0500] Changing working directory to responses folder at: /home/joshua/TypingDetector/warns
[2019-12-28T16:00:06Z-0500] Looking for images
[2019-12-28T16:00:06Z-0500] Found image /home/joshua/TypingDetector/warns/phase/phase0.png
[2019-12-28T16:00:06Z-0500] Starting Bot
[2019-12-28T20:00:06Z-0500] Changing working directory to responses folder at: /home/joshua/TypingDetector/warns
[2019-12-28T20:00:06Z-0500] Looking for images
[2019-12-28T20:00:06Z-0500] Found image /home/joshua/TypingDetector/warns/phase/phase0.png
[2019-12-28T20:00:06Z-0500] Starting Bot
[2019-12-29T00:00:05Z-0500] Changing working directory to responses folder at: /home/joshua/TypingDetector/warns
[2019-12-29T00:00:05Z-0500] Looking for images
[2019-12-29T00:00:05Z-0500] Found image /home/joshua/TypingDetector/warns/phase/phase0.png
[2019-12-29T00:00:05Z-0500] Starting Bot
[2019-12-29T04:00:05Z-0500] Changing working directory to responses folder at: /home/joshua/TypingDetector/warns
[2019-12-29T04:00:05Z-0500] Looking for images
[2019-12-29T04:00:05Z-0500] Found image /home/joshua/TypingDetector/warns/phase/phase0.png
[2019-12-29T04:00:05Z-0500] Starting Bot
[2019-12-29T08:00:06Z-0500] Changing working directory to responses folder at: /home/joshua/TypingDetector/warns
[2019-12-29T08:00:06Z-0500] Looking for images
[2019-12-29T08:00:06Z-0500] Found image /home/joshua/TypingDetector/warns/phase/phase0.png
[2019-12-29T08:00:06Z-0500] Starting Bot
[2019-12-29T12:00:05Z-0500] Changing working directory to responses folder at: /home/joshua/TypingDetector/warns
[2019-12-29T12:00:05Z-0500] Looking for images
[2019-12-29T12:00:05Z-0500] Found image /home/joshua/TypingDetector/warns/phase/phase0.png
[2019-12-29T12:00:05Z-0500] Starting Bot
[2019-12-29T16:00:05Z-0500] Changing working directory to responses folder at: /home/joshua/TypingDetector/warns
[2019-12-29T16:00:05Z-0500] Looking for images
[2019-12-29T16:00:05Z-0500] Found image /home/joshua/TypingDetector/warns/phase/phase0.png
[2019-12-29T16:00:05Z-0500] Starting Bot
[2019-12-29T20:00:05Z-0500] Changing working directory to responses folder at: /home/joshua/TypingDetector/warns
[2019-12-29T20:00:05Z-0500] Looking for images
[2019-12-29T20:00:05Z-0500] Found image /home/joshua/TypingDetector/warns/phase/phase0.png
[2019-12-29T20:00:05Z-0500] Starting Bot
[2019-12-30T00:00:05Z-0500] Changing working directory to responses folder at: /home/joshua/TypingDetector/warns
[2019-12-30T00:00:05Z-0500] Looking for images
[2019-12-30T00:00:05Z-0500] Found image /home/joshua/TypingDetector/warns/phase/phase0.png
[2019-12-30T00:00:05Z-0500] Starting Bot
[2019-12-30T04:00:05Z-0500] Changing working directory to responses folder at: /home/joshua/TypingDetector/warns
[2019-12-30T04:00:05Z-0500] Looking for images
[2019-12-30T04:00:05Z-0500] Found image /home/joshua/TypingDetector/warns/phase/phase0.png
[2019-12-30T04:00:05Z-0500] Starting Bot
[2019-12-30T08:00:06Z-0500] Changing working directory to responses folder at: /home/joshua/TypingDetector/warns
[2019-12-30T08:00:06Z-0500] Looking for images
[2019-12-30T08:00:06Z-0500] Found image /home/joshua/TypingDetector/warns/phase/phase0.png
[2019-12-30T08:00:06Z-0500] Starting Bot
[2019-12-30T12:00:05Z-0500] Changing working directory to responses folder at: /home/joshua/TypingDetector/warns
[2019-12-30T12:00:05Z-0500] Looking for images
[2019-12-30T12:00:05Z-0500] Found image /home/joshua/TypingDetector/warns/phase/phase0.png
[2019-12-30T12:00:05Z-0500] Starting Bot
[2019-12-30T16:00:05Z-0500] Changing working directory to responses folder at: /home/joshua/TypingDetector/warns
[2019-12-30T16:00:05Z-0500] Looking for images
[2019-12-30T16:00:05Z-0500] Found image /home/joshua/TypingDetector/warns/phase/phase0.png
[2019-12-30T16:00:05Z-0500] Starting Bot
[2019-12-30T20:00:05Z-0500] Changing working directory to responses folder at: /home/joshua/TypingDetector/warns
[2019-12-30T20:00:05Z-0500] Looking for images
[2019-12-30T20:00:05Z-0500] Found image /home/joshua/TypingDetector/warns/phase/phase0.png
[2019-12-30T20:00:05Z-0500] Starting Bot
[2019-12-31T00:00:05Z-0500] Changing working directory to responses folder at: /home/joshua/TypingDetector/warns
[2019-12-31T00:00:05Z-0500] Looking for images
[2019-12-31T00:00:05Z-0500] Found image /home/joshua/TypingDetector/warns/phase/phase0.png
[2019-12-31T00:00:05Z-0500] Starting Bot
[2019-12-31T04:00:05Z-0500] Changing working directory to responses folder at: /home/joshua/TypingDetector/warns
[2019-12-31T04:00:05Z-0500] Looking for images
[2019-12-31T04:00:05Z-0500] Found image /home/joshua/TypingDetector/warns/phase/phase0.png
[2019-12-31T04:00:05Z-0500] Starting Bot
[2019-12-31T08:00:05Z-0500] Changing working directory to responses folder at: /home/joshua/TypingDetector/warns
[2019-12-31T08:00:05Z-0500] Looking for images
[2019-12-31T08:00:05Z-0500] Found image /home/joshua/TypingDetector/warns/phase/phase0.png
[2019-12-31T08:00:05Z-0500] Starting Bot
[2019-12-31T12:00:05Z-0500] Changing working directory to responses folder at: /home/joshua/TypingDetector/warns
[2019-12-31T12:00:05Z-0500] Looking for images
[2019-12-31T12:00:05Z-0500] Found image /home/joshua/TypingDetector/warns/phase/phase0.png
[2019-12-31T12:00:05Z-0500] Starting Bot
[2019-12-31T16:00:05Z-0500] Changing working directory to responses folder at: /home/joshua/TypingDetector/warns
[2019-12-31T16:00:05Z-0500] Looking for images
[2019-12-31T16:00:05Z-0500] Found image /home/joshua/TypingDetector/warns/phase/phase0.png
[2019-12-31T16:00:05Z-0500] Starting Bot
[2019-12-31T20:00:05Z-0500] Changing working directory to responses folder at: /home/joshua/TypingDetector/warns
[2019-12-31T20:00:05Z-0500] Looking for images
[2019-12-31T20:00:05Z-0500] Found image /home/joshua/TypingDetector/warns/phase/phase0.png
[2019-12-31T20:00:05Z-0500] Starting Bot
[2020-01-01T00:00:05Z-0500] Changing working directory to responses folder at: /home/joshua/TypingDetector/warns
[2020-01-01T00:00:05Z-0500] Looking for images
[2020-01-01T00:00:05Z-0500] Found image /home/joshua/TypingDetector/warns/phase/phase0.png
[2020-01-01T00:00:05Z-0500] Starting Bot
[2020-01-01T04:00:05Z-0500] Changing working directory to responses folder at: /home/joshua/TypingDetector/warns
[2020-01-01T04:00:05Z-0500] Looking for images
[2020-01-01T04:00:05Z-0500] Found image /home/joshua/TypingDetector/warns/phase/phase0.png
[2020-01-01T04:00:05Z-0500] Starting Bot
[2020-01-01T08:00:05Z-0500] Changing working directory to responses folder at: /home/joshua/TypingDetector/warns
[2020-01-01T08:00:05Z-0500] Looking for images
[2020-01-01T08:00:05Z-0500] Found image /home/joshua/TypingDetector/warns/phase/phase0.png
[2020-01-01T08:00:05Z-0500] Starting Bot
[2020-01-01T12:00:05Z-0500] Changing working directory to responses folder at: /home/joshua/TypingDetector/warns
[2020-01-01T12:00:05Z-0500] Looking for images
[2020-01-01T12:00:05Z-0500] Found image /home/joshua/TypingDetector/warns/phase/phase0.png
[2020-01-01T12:00:05Z-0500] Starting Bot
[2020-01-01T16:00:05Z-0500] Changing working directory to responses folder at: /home/joshua/TypingDetector/warns
[2020-01-01T16:00:05Z-0500] Looking for images
[2020-01-01T16:00:05Z-0500] Found image /home/joshua/TypingDetector/warns/phase/phase0.png
[2020-01-01T16:00:05Z-0500] Starting Bot
[2020-01-01T20:00:05Z-0500] Changing working directory to responses folder at: /home/joshua/TypingDetector/warns
[2020-01-01T20:00:05Z-0500] Looking for images
[2020-01-01T20:00:05Z-0500] Found image /home/joshua/TypingDetector/warns/phase/phase0.png
[2020-01-01T20:00:05Z-0500] Starting Bot
[2020-01-02T00:00:05Z-0500] Changing working directory to responses folder at: /home/joshua/TypingDetector/warns
[2020-01-02T00:00:05Z-0500] Looking for images
[2020-01-02T00:00:05Z-0500] Found image /home/joshua/TypingDetector/warns/phase/phase0.png
[2020-01-02T00:00:05Z-0500] Starting Bot
[2020-01-02T04:00:05Z-0500] Changing working directory to responses folder at: /home/joshua/TypingDetector/warns
[2020-01-02T04:00:05Z-0500] Looking for images
[2020-01-02T04:00:05Z-0500] Found image /home/joshua/TypingDetector/warns/phase/phase0.png
[2020-01-02T04:00:05Z-0500] Starting Bot
[2020-01-02T08:00:05Z-0500] Changing working directory to responses folder at: /home/joshua/TypingDetector/warns
[2020-01-02T08:00:05Z-0500] Looking for images
[2020-01-02T08:00:05Z-0500] Found image /home/joshua/TypingDetector/warns/phase/phase0.png
[2020-01-02T08:00:05Z-0500] Starting Bot
[2020-01-02T12:00:05Z-0500] Changing working directory to responses folder at: /home/joshua/TypingDetector/warns
[2020-01-02T12:00:05Z-0500] Looking for images
[2020-01-02T12:00:05Z-0500] Found image /home/joshua/TypingDetector/warns/phase/phase0.png
[2020-01-02T12:00:05Z-0500] Starting Bot
[2020-01-02T16:00:06Z-0500] Changing working directory to responses folder at: /home/joshua/TypingDetector/warns
[2020-01-02T16:00:06Z-0500] Looking for images
[2020-01-02T16:00:06Z-0500] Found image /home/joshua/TypingDetector/warns/phase/phase0.png
[2020-01-02T16:00:06Z-0500] Starting Bot
[2020-01-02T20:00:06Z-0500] Changing working directory to responses folder at: /home/joshua/TypingDetector/warns
[2020-01-02T20:00:06Z-0500] Looking for images
[2020-01-02T20:00:06Z-0500] Found image /home/joshua/TypingDetector/warns/phase/phase0.png
[2020-01-02T20:00:06Z-0500] Starting Bot
[2020-01-03T00:00:06Z-0500] Changing working directory to responses folder at: /home/joshua/TypingDetector/warns
[2020-01-03T00:00:06Z-0500] Looking for images
[2020-01-03T00:00:06Z-0500] Found image /home/joshua/TypingDetector/warns/phase/phase0.png
[2020-01-03T00:00:06Z-0500] Starting Bot
[2020-01-03T04:00:06Z-0500] Changing working directory to responses folder at: /home/joshua/TypingDetector/warns
[2020-01-03T04:00:06Z-0500] Looking for images
[2020-01-03T04:00:06Z-0500] Found image /home/joshua/TypingDetector/warns/phase/phase0.png
[2020-01-03T04:00:06Z-0500] Starting Bot
[2020-01-03T08:00:06Z-0500] Changing working directory to responses folder at: /home/joshua/TypingDetector/warns
[2020-01-03T08:00:06Z-0500] Looking for images
[2020-01-03T08:00:06Z-0500] Found image /home/joshua/TypingDetector/warns/phase/phase0.png
[2020-01-03T08:00:06Z-0500] Starting Bot
[2020-01-03T12:00:05Z-0500] Changing working directory to responses folder at: /home/joshua/TypingDetector/warns
[2020-01-03T12:00:05Z-0500] Looking for images
[2020-01-03T12:00:05Z-0500] Found image /home/joshua/TypingDetector/warns/phase/phase0.png
[2020-01-03T12:00:05Z-0500] Starting Bot
[2020-01-03T16:00:06Z-0500] Changing working directory to responses folder at: /home/joshua/TypingDetector/warns
[2020-01-03T16:00:06Z-0500] Looking for images
[2020-01-03T16:00:06Z-0500] Found image /home/joshua/TypingDetector/warns/phase/phase0.png
[2020-01-03T16:00:06Z-0500] Starting Bot
[2020-01-03T20:00:06Z-0500] Changing working directory to responses folder at: /home/joshua/TypingDetector/warns
[2020-01-03T20:00:06Z-0500] Looking for images
[2020-01-03T20:00:06Z-0500] Found image /home/joshua/TypingDetector/warns/phase/phase0.png
[2020-01-03T20:00:06Z-0500] Starting Bot
[2020-01-04T00:00:05Z-0500] Changing working directory to responses folder at: /home/joshua/TypingDetector/warns
[2020-01-04T00:00:05Z-0500] Looking for images
[2020-01-04T00:00:05Z-0500] Found image /home/joshua/TypingDetector/warns/phase/phase0.png
[2020-01-04T00:00:05Z-0500] Starting Bot
[2020-01-04T04:00:05Z-0500] Changing working directory to responses folder at: /home/joshua/TypingDetector/warns
[2020-01-04T04:00:05Z-0500] Looking for images
[2020-01-04T04:00:05Z-0500] Found image /home/joshua/TypingDetector/warns/phase/phase0.png
[2020-01-04T04:00:05Z-0500] Starting Bot
[2020-01-04T08:00:06Z-0500] Changing working directory to responses folder at: /home/joshua/TypingDetector/warns
[2020-01-04T08:00:06Z-0500] Looking for images
[2020-01-04T08:00:06Z-0500] Found image /home/joshua/TypingDetector/warns/phase/phase0.png
[2020-01-04T08:00:06Z-0500] Starting Bot
[2020-01-04T12:00:06Z-0500] Changing working directory to responses folder at: /home/joshua/TypingDetector/warns
[2020-01-04T12:00:06Z-0500] Looking for images
[2020-01-04T12:00:06Z-0500] Found image /home/joshua/TypingDetector/warns/phase/phase0.png
[2020-01-04T12:00:06Z-0500] Starting Bot
[2020-01-04T16:00:05Z-0500] Changing working directory to responses folder at: /home/joshua/TypingDetector/warns
[2020-01-04T16:00:05Z-0500] Looking for images
[2020-01-04T16:00:05Z-0500] Found image /home/joshua/TypingDetector/warns/phase/phase0.png
[2020-01-04T16:00:05Z-0500] Starting Bot
[2020-01-04T20:00:05Z-0500] Changing working directory to responses folder at: /home/joshua/TypingDetector/warns
[2020-01-04T20:00:05Z-0500] Looking for images
[2020-01-04T20:00:05Z-0500] Found image /home/joshua/TypingDetector/warns/phase/phase0.png
[2020-01-04T20:00:05Z-0500] Starting Bot
[2020-01-05T00:00:05Z-0500] Changing working directory to responses folder at: /home/joshua/TypingDetector/warns
[2020-01-05T00:00:05Z-0500] Looking for images
[2020-01-05T00:00:05Z-0500] Found image /home/joshua/TypingDetector/warns/phase/phase0.png
[2020-01-05T00:00:05Z-0500] Starting Bot
[2020-01-05T04:00:05Z-0500] Changing working directory to responses folder at: /home/joshua/TypingDetector/warns
[2020-01-05T04:00:05Z-0500] Looking for images
[2020-01-05T04:00:05Z-0500] Found image /home/joshua/TypingDetector/warns/phase/phase0.png
[2020-01-05T04:00:05Z-0500] Starting Bot
[2020-01-05T08:00:05Z-0500] Changing working directory to responses folder at: /home/joshua/TypingDetector/warns
[2020-01-05T08:00:05Z-0500] Looking for images
[2020-01-05T08:00:05Z-0500] Found image /home/joshua/TypingDetector/warns/phase/phase0.png
[2020-01-05T08:00:05Z-0500] Starting Bot
[2020-01-05T12:00:05Z-0500] Changing working directory to responses folder at: /home/joshua/TypingDetector/warns
[2020-01-05T12:00:05Z-0500] Looking for images
[2020-01-05T12:00:05Z-0500] Found image /home/joshua/TypingDetector/warns/phase/phase0.png
[2020-01-05T12:00:05Z-0500] Starting Bot
[2020-01-05T16:00:05Z-0500] Changing working directory to responses folder at: /home/joshua/TypingDetector/warns
[2020-01-05T16:00:05Z-0500] Looking for images
[2020-01-05T16:00:05Z-0500] Found image /home/joshua/TypingDetector/warns/phase/phase0.png
[2020-01-05T16:00:05Z-0500] Starting Bot
[2020-01-05T20:00:05Z-0500] Changing working directory to responses folder at: /home/joshua/TypingDetector/warns
[2020-01-05T20:00:05Z-0500] Looking for images
[2020-01-05T20:00:05Z-0500] Found image /home/joshua/TypingDetector/warns/phase/phase0.png
[2020-01-05T20:00:05Z-0500] Starting Bot
[2020-01-06T00:00:05Z-0500] Changing working directory to responses folder at: /home/joshua/TypingDetector/warns
[2020-01-06T00:00:05Z-0500] Looking for images
[2020-01-06T00:00:05Z-0500] Found image /home/joshua/TypingDetector/warns/phase/phase0.png
[2020-01-06T00:00:05Z-0500] Starting Bot
[2020-01-06T04:00:05Z-0500] Changing working directory to responses folder at: /home/joshua/TypingDetector/warns
[2020-01-06T04:00:05Z-0500] Looking for images
[2020-01-06T04:00:05Z-0500] Found image /home/joshua/TypingDetector/warns/phase/phase0.png
[2020-01-06T04:00:05Z-0500] Starting Bot
[2020-01-06T08:00:05Z-0500] Changing working directory to responses folder at: /home/joshua/TypingDetector/warns
[2020-01-06T08:00:05Z-0500] Looking for images
[2020-01-06T08:00:05Z-0500] Found image /home/joshua/TypingDetector/warns/phase/phase0.png
[2020-01-06T08:00:05Z-0500] Starting Bot
[2020-01-06T09:30:58Z-0500] phase858: "<:owo:559872979710902282>" > "<:owo:559872979710902282>" resp: "/home/joshua/TypingDetector/warns/phase/phase0.png"
[2020-01-06T12:00:05Z-0500] Changing working directory to responses folder at: /home/joshua/TypingDetector/warns
[2020-01-06T12:00:05Z-0500] Looking for images
[2020-01-06T12:00:05Z-0500] Found image /home/joshua/TypingDetector/warns/phase/phase0.png
[2020-01-06T12:00:05Z-0500] Starting Bot
[2020-01-06T16:00:05Z-0500] Changing working directory to responses folder at: /home/joshua/TypingDetector/warns
[2020-01-06T16:00:05Z-0500] Looking for images
[2020-01-06T16:00:05Z-0500] Found image /home/joshua/TypingDetector/warns/phase/phase0.png
[2020-01-06T16:00:05Z-0500] Starting Bot
[2020-01-06T20:00:06Z-0500] Changing working directory to responses folder at: /home/joshua/TypingDetector/warns
[2020-01-06T20:00:06Z-0500] Looking for images
[2020-01-06T20:00:06Z-0500] Found image /home/joshua/TypingDetector/warns/phase/phase0.png
[2020-01-06T20:00:06Z-0500] Starting Bot
[2020-01-07T00:00:06Z-0500] Changing working directory to responses folder at: /home/joshua/TypingDetector/warns
[2020-01-07T00:00:06Z-0500] Looking for images
[2020-01-07T00:00:06Z-0500] Found image /home/joshua/TypingDetector/warns/phase/phase0.png
[2020-01-07T00:00:06Z-0500] Starting Bot
[2020-01-07T04:00:06Z-0500] Changing working directory to responses folder at: /home/joshua/TypingDetector/warns
[2020-01-07T04:00:06Z-0500] Looking for images
[2020-01-07T04:00:06Z-0500] Found image /home/joshua/TypingDetector/warns/phase/phase0.png
[2020-01-07T04:00:06Z-0500] Starting Bot
[2020-01-07T08:00:05Z-0500] Changing working directory to responses folder at: /home/joshua/TypingDetector/warns
[2020-01-07T08:00:05Z-0500] Looking for images
[2020-01-07T08:00:05Z-0500] Found image /home/joshua/TypingDetector/warns/phase/phase0.png
[2020-01-07T08:00:05Z-0500] Starting Bot
[2020-01-07T12:00:06Z-0500] Changing working directory to responses folder at: /home/joshua/TypingDetector/warns
[2020-01-07T12:00:06Z-0500] Looking for images
[2020-01-07T12:00:06Z-0500] Found image /home/joshua/TypingDetector/warns/phase/phase0.png
[2020-01-07T12:00:06Z-0500] Starting Bot
[2020-01-07T16:00:05Z-0500] Changing working directory to responses folder at: /home/joshua/TypingDetector/warns
[2020-01-07T16:00:05Z-0500] Looking for images
[2020-01-07T16:00:05Z-0500] Found image /home/joshua/TypingDetector/warns/phase/phase0.png
[2020-01-07T16:00:05Z-0500] Starting Bot
[2020-01-07T20:00:06Z-0500] Changing working directory to responses folder at: /home/joshua/TypingDetector/warns
[2020-01-07T20:00:06Z-0500] Looking for images
[2020-01-07T20:00:06Z-0500] Found image /home/joshua/TypingDetector/warns/phase/phase0.png
[2020-01-07T20:00:06Z-0500] Starting Bot
[2020-01-08T00:00:06Z-0500] Changing working directory to responses folder at: /home/joshua/TypingDetector/warns
[2020-01-08T00:00:06Z-0500] Looking for images
[2020-01-08T00:00:06Z-0500] Found image /home/joshua/TypingDetector/warns/phase/phase0.png
[2020-01-08T00:00:06Z-0500] Starting Bot
[2020-01-08T04:00:06Z-0500] Changing working directory to responses folder at: /home/joshua/TypingDetector/warns
[2020-01-08T04:00:06Z-0500] Looking for images
[2020-01-08T04:00:06Z-0500] Found image /home/joshua/TypingDetector/warns/phase/phase0.png
[2020-01-08T04:00:06Z-0500] Starting Bot
[2020-01-08T08:00:06Z-0500] Changing working directory to responses folder at: /home/joshua/TypingDetector/warns
[2020-01-08T08:00:06Z-0500] Looking for images
[2020-01-08T08:00:06Z-0500] Found image /home/joshua/TypingDetector/warns/phase/phase0.png
[2020-01-08T08:00:06Z-0500] Starting Bot
[2020-01-08T12:00:06Z-0500] Changing working directory to responses folder at: /home/joshua/TypingDetector/warns
[2020-01-08T12:00:06Z-0500] Looking for images
[2020-01-08T12:00:06Z-0500] Found image /home/joshua/TypingDetector/warns/phase/phase0.png
[2020-01-08T12:00:06Z-0500] Starting Bot
[2020-01-08T16:00:06Z-0500] Changing working directory to responses folder at: /home/joshua/TypingDetector/warns
[2020-01-08T16:00:06Z-0500] Looking for images
[2020-01-08T16:00:06Z-0500] Found image /home/joshua/TypingDetector/warns/phase/phase0.png
[2020-01-08T16:00:06Z-0500] Starting Bot
[2020-01-08T20:00:06Z-0500] Changing working directory to responses folder at: /home/joshua/TypingDetector/warns
[2020-01-08T20:00:06Z-0500] Looking for images
[2020-01-08T20:00:06Z-0500] Found image /home/joshua/TypingDetector/warns/phase/phase0.png
[2020-01-08T20:00:06Z-0500] Starting Bot
[2020-01-09T00:00:05Z-0500] Changing working directory to responses folder at: /home/joshua/TypingDetector/warns
[2020-01-09T00:00:05Z-0500] Looking for images
[2020-01-09T00:00:05Z-0500] Found image /home/joshua/TypingDetector/warns/phase/phase0.png
[2020-01-09T00:00:05Z-0500] Starting Bot
[2020-01-09T04:00:05Z-0500] Changing working directory to responses folder at: /home/joshua/TypingDetector/warns
[2020-01-09T04:00:05Z-0500] Looking for images
[2020-01-09T04:00:05Z-0500] Found image /home/joshua/TypingDetector/warns/phase/phase0.png
[2020-01-09T04:00:05Z-0500] Starting Bot
[2020-01-09T08:00:06Z-0500] Changing working directory to responses folder at: /home/joshua/TypingDetector/warns
[2020-01-09T08:00:06Z-0500] Looking for images
[2020-01-09T08:00:06Z-0500] Found image /home/joshua/TypingDetector/warns/phase/phase0.png
[2020-01-09T08:00:06Z-0500] Starting Bot
[2020-01-09T12:00:06Z-0500] Changing working directory to responses folder at: /home/joshua/TypingDetector/warns
[2020-01-09T12:00:06Z-0500] Looking for images
[2020-01-09T12:00:06Z-0500] Found image /home/joshua/TypingDetector/warns/phase/phase0.png
[2020-01-09T12:00:06Z-0500] Starting Bot
[2020-01-09T16:00:06Z-0500] Changing working directory to responses folder at: /home/joshua/TypingDetector/warns
[2020-01-09T16:00:06Z-0500] Looking for images
[2020-01-09T16:00:06Z-0500] Found image /home/joshua/TypingDetector/warns/phase/phase0.png
[2020-01-09T16:00:06Z-0500] Starting Bot
[2020-01-09T20:00:05Z-0500] Changing working directory to responses folder at: /home/joshua/TypingDetector/warns
[2020-01-09T20:00:05Z-0500] Looking for images
[2020-01-09T20:00:05Z-0500] Found image /home/joshua/TypingDetector/warns/phase/phase0.png
[2020-01-09T20:00:05Z-0500] Starting Bot
[2020-01-10T00:00:05Z-0500] Changing working directory to responses folder at: /home/joshua/TypingDetector/warns
[2020-01-10T00:00:05Z-0500] Looking for images
[2020-01-10T00:00:05Z-0500] Found image /home/joshua/TypingDetector/warns/phase/phase0.png
[2020-01-10T00:00:05Z-0500] Starting Bot
[2020-01-10T04:00:05Z-0500] Changing working directory to responses folder at: /home/joshua/TypingDetector/warns
[2020-01-10T04:00:05Z-0500] Looking for images
[2020-01-10T04:00:05Z-0500] Found image /home/joshua/TypingDetector/warns/phase/phase0.png
[2020-01-10T04:00:05Z-0500] Starting Bot
[2020-01-10T08:00:06Z-0500] Changing working directory to responses folder at: /home/joshua/TypingDetector/warns
[2020-01-10T08:00:06Z-0500] Looking for images
[2020-01-10T08:00:06Z-0500] Found image /home/joshua/TypingDetector/warns/phase/phase0.png
[2020-01-10T08:00:06Z-0500] Starting Bot
[2020-01-10T12:00:06Z-0500] Changing working directory to responses folder at: /home/joshua/TypingDetector/warns
[2020-01-10T12:00:06Z-0500] Looking for images
[2020-01-10T12:00:06Z-0500] Found image /home/joshua/TypingDetector/warns/phase/phase0.png
[2020-01-10T12:00:06Z-0500] Starting Bot
[2020-01-10T16:00:05Z-0500] Changing working directory to responses folder at: /home/joshua/TypingDetector/warns
[2020-01-10T16:00:05Z-0500] Looking for images
[2020-01-10T16:00:05Z-0500] Found image /home/joshua/TypingDetector/warns/phase/phase0.png
[2020-01-10T16:00:05Z-0500] Starting Bot
[2020-01-10T20:00:05Z-0500] Changing working directory to responses folder at: /home/joshua/TypingDetector/warns
[2020-01-10T20:00:05Z-0500] Looking for images
[2020-01-10T20:00:05Z-0500] Found image /home/joshua/TypingDetector/warns/phase/phase0.png
[2020-01-10T20:00:05Z-0500] Starting Bot
[2020-01-11T00:00:05Z-0500] Changing working directory to responses folder at: /home/joshua/TypingDetector/warns
[2020-01-11T00:00:05Z-0500] Looking for images
[2020-01-11T00:00:05Z-0500] Found image /home/joshua/TypingDetector/warns/phase/phase0.png
[2020-01-11T00:00:05Z-0500] Starting Bot
[2020-01-11T04:00:05Z-0500] Changing working directory to responses folder at: /home/joshua/TypingDetector/warns
[2020-01-11T04:00:05Z-0500] Looking for images
[2020-01-11T04:00:05Z-0500] Found image /home/joshua/TypingDetector/warns/phase/phase0.png
[2020-01-11T04:00:05Z-0500] Starting Bot
[2020-01-11T08:00:05Z-0500] Changing working directory to responses folder at: /home/joshua/TypingDetector/warns
[2020-01-11T08:00:05Z-0500] Looking for images
[2020-01-11T08:00:05Z-0500] Found image /home/joshua/TypingDetector/warns/phase/phase0.png
[2020-01-11T08:00:05Z-0500] Starting Bot
[2020-01-11T12:00:05Z-0500] Changing working directory to responses folder at: /home/joshua/TypingDetector/warns
[2020-01-11T12:00:05Z-0500] Looking for images
[2020-01-11T12:00:05Z-0500] Found image /home/joshua/TypingDetector/warns/phase/phase0.png
[2020-01-11T12:00:05Z-0500] Starting Bot
[2020-01-11T16:00:05Z-0500] Changing working directory to responses folder at: /home/joshua/TypingDetector/warns
[2020-01-11T16:00:05Z-0500] Looking for images
[2020-01-11T16:00:05Z-0500] Found image /home/joshua/TypingDetector/warns/phase/phase0.png
[2020-01-11T16:00:05Z-0500] Starting Bot
[2020-01-11T20:00:05Z-0500] Changing working directory to responses folder at: /home/joshua/TypingDetector/warns
[2020-01-11T20:00:05Z-0500] Looking for images
[2020-01-11T20:00:05Z-0500] Found image /home/joshua/TypingDetector/warns/phase/phase0.png
[2020-01-11T20:00:05Z-0500] Starting Bot
[2020-01-12T00:00:05Z-0500] Changing working directory to responses folder at: /home/joshua/TypingDetector/warns
[2020-01-12T00:00:05Z-0500] Looking for images
[2020-01-12T00:00:05Z-0500] Found image /home/joshua/TypingDetector/warns/phase/phase0.png
[2020-01-12T00:00:05Z-0500] Starting Bot
[2020-01-12T04:00:05Z-0500] Changing working directory to responses folder at: /home/joshua/TypingDetector/warns
[2020-01-12T04:00:05Z-0500] Looking for images
[2020-01-12T04:00:05Z-0500] Found image /home/joshua/TypingDetector/warns/phase/phase0.png
[2020-01-12T04:00:05Z-0500] Starting Bot
[2020-01-12T08:00:05Z-0500] Changing working directory to responses folder at: /home/joshua/TypingDetector/warns
[2020-01-12T08:00:05Z-0500] Looking for images
[2020-01-12T08:00:05Z-0500] Found image /home/joshua/TypingDetector/warns/phase/phase0.png
[2020-01-12T08:00:05Z-0500] Starting Bot
[2020-01-12T12:00:05Z-0500] Changing working directory to responses folder at: /home/joshua/TypingDetector/warns
[2020-01-12T12:00:05Z-0500] Looking for images
[2020-01-12T12:00:05Z-0500] Found image /home/joshua/TypingDetector/warns/phase/phase0.png
[2020-01-12T12:00:05Z-0500] Starting Bot
[2020-01-12T16:00:05Z-0500] Changing working directory to responses folder at: /home/joshua/TypingDetector/warns
[2020-01-12T16:00:05Z-0500] Looking for images
[2020-01-12T16:00:05Z-0500] Found image /home/joshua/TypingDetector/warns/phase/phase0.png
[2020-01-12T16:00:05Z-0500] Starting Bot
[2020-01-12T20:00:05Z-0500] Changing working directory to responses folder at: /home/joshua/TypingDetector/warns
[2020-01-12T20:00:05Z-0500] Looking for images
[2020-01-12T20:00:05Z-0500] Found image /home/joshua/TypingDetector/warns/phase/phase0.png
[2020-01-12T20:00:05Z-0500] Starting Bot
[2020-01-13T00:00:05Z-0500] Changing working directory to responses folder at: /home/joshua/TypingDetector/warns
[2020-01-13T00:00:05Z-0500] Looking for images
[2020-01-13T00:00:05Z-0500] Found image /home/joshua/TypingDetector/warns/phase/phase0.png
[2020-01-13T00:00:05Z-0500] Starting Bot
[2020-01-13T04:00:05Z-0500] Changing working directory to responses folder at: /home/joshua/TypingDetector/warns
[2020-01-13T04:00:05Z-0500] Looking for images
[2020-01-13T04:00:05Z-0500] Found image /home/joshua/TypingDetector/warns/phase/phase0.png
[2020-01-13T04:00:05Z-0500] Starting Bot
[2020-01-13T08:00:05Z-0500] Changing working directory to responses folder at: /home/joshua/TypingDetector/warns
[2020-01-13T08:00:05Z-0500] Looking for images
[2020-01-13T08:00:05Z-0500] Found image /home/joshua/TypingDetector/warns/phase/phase0.png
[2020-01-13T08:00:05Z-0500] Starting Bot
[2020-01-13T12:00:05Z-0500] Changing working directory to responses folder at: /home/joshua/TypingDetector/warns
[2020-01-13T12:00:05Z-0500] Looking for images
[2020-01-13T12:00:05Z-0500] Found image /home/joshua/TypingDetector/warns/phase/phase0.png
[2020-01-13T12:00:05Z-0500] Starting Bot
[2020-01-13T16:00:05Z-0500] Changing working directory to responses folder at: /home/joshua/TypingDetector/warns
[2020-01-13T16:00:05Z-0500] Looking for images
[2020-01-13T16:00:05Z-0500] Found image /home/joshua/TypingDetector/warns/phase/phase0.png
[2020-01-13T16:00:05Z-0500] Starting Bot
[2020-01-13T20:00:05Z-0500] Changing working directory to responses folder at: /home/joshua/TypingDetector/warns
[2020-01-13T20:00:05Z-0500] Looking for images
[2020-01-13T20:00:05Z-0500] Found image /home/joshua/TypingDetector/warns/phase/phase0.png
[2020-01-13T20:00:05Z-0500] Starting Bot
[2020-01-14T00:00:05Z-0500] Changing working directory to responses folder at: /home/joshua/TypingDetector/warns
[2020-01-14T00:00:05Z-0500] Looking for images
[2020-01-14T00:00:05Z-0500] Found image /home/joshua/TypingDetector/warns/phase/phase0.png
[2020-01-14T00:00:05Z-0500] Starting Bot
[2020-01-14T04:00:05Z-0500] Changing working directory to responses folder at: /home/joshua/TypingDetector/warns
[2020-01-14T04:00:05Z-0500] Looking for images
[2020-01-14T04:00:05Z-0500] Found image /home/joshua/TypingDetector/warns/phase/phase0.png
[2020-01-14T04:00:05Z-0500] Starting Bot
[2020-01-14T08:00:05Z-0500] Changing working directory to responses folder at: /home/joshua/TypingDetector/warns
[2020-01-14T08:00:05Z-0500] Looking for images
[2020-01-14T08:00:05Z-0500] Found image /home/joshua/TypingDetector/warns/phase/phase0.png
[2020-01-14T08:00:05Z-0500] Starting Bot
[2020-01-14T12:00:05Z-0500] Changing working directory to responses folder at: /home/joshua/TypingDetector/warns
[2020-01-14T12:00:05Z-0500] Looking for images
[2020-01-14T12:00:05Z-0500] Found image /home/joshua/TypingDetector/warns/phase/phase0.png
[2020-01-14T12:00:05Z-0500] Starting Bot
[2020-01-14T16:00:05Z-0500] Changing working directory to responses folder at: /home/joshua/TypingDetector/warns
[2020-01-14T16:00:05Z-0500] Looking for images
[2020-01-14T16:00:05Z-0500] Found image /home/joshua/TypingDetector/warns/phase/phase0.png
[2020-01-14T16:00:05Z-0500] Starting Bot
[2020-01-14T20:00:05Z-0500] Changing working directory to responses folder at: /home/joshua/TypingDetector/warns
[2020-01-14T20:00:05Z-0500] Looking for images
[2020-01-14T20:00:05Z-0500] Found image /home/joshua/TypingDetector/warns/phase/phase0.png
[2020-01-14T20:00:05Z-0500] Starting Bot
[2020-01-15T00:00:05Z-0500] Changing working directory to responses folder at: /home/joshua/TypingDetector/warns
[2020-01-15T00:00:05Z-0500] Looking for images
[2020-01-15T00:00:05Z-0500] Found image /home/joshua/TypingDetector/warns/phase/phase0.png
[2020-01-15T00:00:05Z-0500] Starting Bot
[2020-01-15T04:00:05Z-0500] Changing working directory to responses folder at: /home/joshua/TypingDetector/warns
[2020-01-15T04:00:05Z-0500] Looking for images
[2020-01-15T04:00:05Z-0500] Found image /home/joshua/TypingDetector/warns/phase/phase0.png
[2020-01-15T04:00:05Z-0500] Starting Bot
[2020-01-15T08:00:05Z-0500] Changing working directory to responses folder at: /home/joshua/TypingDetector/warns
[2020-01-15T08:00:05Z-0500] Looking for images
[2020-01-15T08:00:05Z-0500] Found image /home/joshua/TypingDetector/warns/phase/phase0.png
[2020-01-15T08:00:05Z-0500] Starting Bot
[2020-01-15T12:00:05Z-0500] Changing working directory to responses folder at: /home/joshua/TypingDetector/warns
[2020-01-15T12:00:05Z-0500] Looking for images
[2020-01-15T12:00:05Z-0500] Found image /home/joshua/TypingDetector/warns/phase/phase0.png
[2020-01-15T12:00:05Z-0500] Starting Bot
[2020-01-15T16:00:05Z-0500] Changing working directory to responses folder at: /home/joshua/TypingDetector/warns
[2020-01-15T16:00:05Z-0500] Looking for images
[2020-01-15T16:00:05Z-0500] Found image /home/joshua/TypingDetector/warns/phase/phase0.png
[2020-01-15T16:00:05Z-0500] Starting Bot
[2020-01-15T20:00:05Z-0500] Changing working directory to responses folder at: /home/joshua/TypingDetector/warns
[2020-01-15T20:00:05Z-0500] Looking for images
[2020-01-15T20:00:05Z-0500] Found image /home/joshua/TypingDetector/warns/phase/phase0.png
[2020-01-15T20:00:05Z-0500] Starting Bot
[2020-01-16T00:00:05Z-0500] Changing working directory to responses folder at: /home/joshua/TypingDetector/warns
[2020-01-16T00:00:05Z-0500] Looking for images
[2020-01-16T00:00:05Z-0500] Found image /home/joshua/TypingDetector/warns/phase/phase0.png
[2020-01-16T00:00:05Z-0500] Starting Bot
[2020-01-16T04:00:06Z-0500] Changing working directory to responses folder at: /home/joshua/TypingDetector/warns
[2020-01-16T04:00:06Z-0500] Looking for images
[2020-01-16T04:00:06Z-0500] Found image /home/joshua/TypingDetector/warns/phase/phase0.png
[2020-01-16T04:00:06Z-0500] Starting Bot
[2020-01-16T08:00:05Z-0500] Changing working directory to responses folder at: /home/joshua/TypingDetector/warns
[2020-01-16T08:00:05Z-0500] Looking for images
[2020-01-16T08:00:05Z-0500] Found image /home/joshua/TypingDetector/warns/phase/phase0.png
[2020-01-16T08:00:05Z-0500] Starting Bot
[2020-01-16T12:00:06Z-0500] Changing working directory to responses folder at: /home/joshua/TypingDetector/warns
[2020-01-16T12:00:06Z-0500] Looking for images
[2020-01-16T12:00:06Z-0500] Found image /home/joshua/TypingDetector/warns/phase/phase0.png
[2020-01-16T12:00:06Z-0500] Starting Bot
[2020-01-16T16:00:05Z-0500] Changing working directory to responses folder at: /home/joshua/TypingDetector/warns
[2020-01-16T16:00:05Z-0500] Looking for images
[2020-01-16T16:00:05Z-0500] Found image /home/joshua/TypingDetector/warns/phase/phase0.png
[2020-01-16T16:00:05Z-0500] Starting Bot
[2020-01-16T20:00:06Z-0500] Changing working directory to responses folder at: /home/joshua/TypingDetector/warns
[2020-01-16T20:00:06Z-0500] Looking for images
[2020-01-16T20:00:06Z-0500] Found image /home/joshua/TypingDetector/warns/phase/phase0.png
[2020-01-16T20:00:06Z-0500] Starting Bot
[2020-01-17T00:00:06Z-0500] Changing working directory to responses folder at: /home/joshua/TypingDetector/warns
[2020-01-17T00:00:06Z-0500] Looking for images
[2020-01-17T00:00:06Z-0500] Found image /home/joshua/TypingDetector/warns/phase/phase0.png
[2020-01-17T00:00:06Z-0500] Starting Bot
[2020-01-17T04:00:06Z-0500] Changing working directory to responses folder at: /home/joshua/TypingDetector/warns
[2020-01-17T04:00:06Z-0500] Looking for images
[2020-01-17T04:00:06Z-0500] Found image /home/joshua/TypingDetector/warns/phase/phase0.png
[2020-01-17T04:00:06Z-0500] Starting Bot
[2020-01-17T08:00:06Z-0500] Changing working directory to responses folder at: /home/joshua/TypingDetector/warns
[2020-01-17T08:00:06Z-0500] Looking for images
[2020-01-17T08:00:06Z-0500] Found image /home/joshua/TypingDetector/warns/phase/phase0.png
[2020-01-17T08:00:06Z-0500] Starting Bot
[2020-01-17T12:00:06Z-0500] Changing working directory to responses folder at: /home/joshua/TypingDetector/warns
[2020-01-17T12:00:06Z-0500] Looking for images
[2020-01-17T12:00:06Z-0500] Found image /home/joshua/TypingDetector/warns/phase/phase0.png
[2020-01-17T12:00:06Z-0500] Starting Bot
[2020-01-17T16:00:06Z-0500] Changing working directory to responses folder at: /home/joshua/TypingDetector/warns
[2020-01-17T16:00:06Z-0500] Looking for images
[2020-01-17T16:00:06Z-0500] Found image /home/joshua/TypingDetector/warns/phase/phase0.png
[2020-01-17T16:00:06Z-0500] Starting Bot
[2020-01-17T20:00:06Z-0500] Changing working directory to responses folder at: /home/joshua/TypingDetector/warns
[2020-01-17T20:00:06Z-0500] Looking for images
[2020-01-17T20:00:06Z-0500] Found image /home/joshua/TypingDetector/warns/phase/phase0.png
[2020-01-17T20:00:06Z-0500] Starting Bot
[2020-01-18T00:00:05Z-0500] Changing working directory to responses folder at: /home/joshua/TypingDetector/warns
[2020-01-18T00:00:05Z-0500] Looking for images
[2020-01-18T00:00:05Z-0500] Found image /home/joshua/TypingDetector/warns/phase/phase0.png
[2020-01-18T00:00:05Z-0500] Starting Bot
[2020-01-18T04:00:05Z-0500] Changing working directory to responses folder at: /home/joshua/TypingDetector/warns
[2020-01-18T04:00:05Z-0500] Looking for images
[2020-01-18T04:00:05Z-0500] Found image /home/joshua/TypingDetector/warns/phase/phase0.png
[2020-01-18T04:00:05Z-0500] Starting Bot
[2020-01-18T08:00:06Z-0500] Changing working directory to responses folder at: /home/joshua/TypingDetector/warns
[2020-01-18T08:00:06Z-0500] Looking for images
[2020-01-18T08:00:06Z-0500] Found image /home/joshua/TypingDetector/warns/phase/phase0.png
[2020-01-18T08:00:06Z-0500] Starting Bot
[2020-01-18T12:00:06Z-0500] Changing working directory to responses folder at: /home/joshua/TypingDetector/warns
[2020-01-18T12:00:06Z-0500] Looking for images
[2020-01-18T12:00:06Z-0500] Found image /home/joshua/TypingDetector/warns/phase/phase0.png
[2020-01-18T12:00:06Z-0500] Starting Bot
[2020-01-18T16:00:05Z-0500] Changing working directory to responses folder at: /home/joshua/TypingDetector/warns
[2020-01-18T16:00:05Z-0500] Looking for images
[2020-01-18T16:00:05Z-0500] Found image /home/joshua/TypingDetector/warns/phase/phase0.png
[2020-01-18T16:00:05Z-0500] Starting Bot
[2020-01-18T20:00:05Z-0500] Changing working directory to responses folder at: /home/joshua/TypingDetector/warns
[2020-01-18T20:00:05Z-0500] Looking for images
[2020-01-18T20:00:05Z-0500] Found image /home/joshua/TypingDetector/warns/phase/phase0.png
[2020-01-18T20:00:05Z-0500] Starting Bot
[2020-01-19T00:00:05Z-0500] Changing working directory to responses folder at: /home/joshua/TypingDetector/warns
[2020-01-19T00:00:05Z-0500] Looking for images
[2020-01-19T00:00:05Z-0500] Found image /home/joshua/TypingDetector/warns/phase/phase0.png
[2020-01-19T00:00:05Z-0500] Starting Bot
[2020-01-19T04:00:05Z-0500] Changing working directory to responses folder at: /home/joshua/TypingDetector/warns
[2020-01-19T04:00:05Z-0500] Looking for images
[2020-01-19T04:00:05Z-0500] Found image /home/joshua/TypingDetector/warns/phase/phase0.png
[2020-01-19T04:00:05Z-0500] Starting Bot
[2020-01-19T08:00:05Z-0500] Changing working directory to responses folder at: /home/joshua/TypingDetector/warns
[2020-01-19T08:00:05Z-0500] Looking for images
[2020-01-19T08:00:05Z-0500] Found image /home/joshua/TypingDetector/warns/phase/phase0.png
[2020-01-19T08:00:05Z-0500] Starting Bot
[2020-01-19T12:00:05Z-0500] Changing working directory to responses folder at: /home/joshua/TypingDetector/warns
[2020-01-19T12:00:05Z-0500] Looking for images
[2020-01-19T12:00:05Z-0500] Found image /home/joshua/TypingDetector/warns/phase/phase0.png
[2020-01-19T12:00:05Z-0500] Starting Bot
[2020-01-19T16:00:05Z-0500] Changing working directory to responses folder at: /home/joshua/TypingDetector/warns
[2020-01-19T16:00:05Z-0500] Looking for images
[2020-01-19T16:00:05Z-0500] Found image /home/joshua/TypingDetector/warns/phase/phase0.png
[2020-01-19T16:00:05Z-0500] Starting Bot
[2020-01-19T20:00:05Z-0500] Changing working directory to responses folder at: /home/joshua/TypingDetector/warns
[2020-01-19T20:00:05Z-0500] Looking for images
[2020-01-19T20:00:05Z-0500] Found image /home/joshua/TypingDetector/warns/phase/phase0.png
[2020-01-19T20:00:05Z-0500] Starting Bot
[2020-01-20T00:00:05Z-0500] Changing working directory to responses folder at: /home/joshua/TypingDetector/warns
[2020-01-20T00:00:05Z-0500] Looking for images
[2020-01-20T00:00:05Z-0500] Found image /home/joshua/TypingDetector/warns/phase/phase0.png
[2020-01-20T00:00:05Z-0500] Starting Bot
[2020-01-20T04:00:05Z-0500] Changing working directory to responses folder at: /home/joshua/TypingDetector/warns
[2020-01-20T04:00:05Z-0500] Looking for images
[2020-01-20T04:00:05Z-0500] Found image /home/joshua/TypingDetector/warns/phase/phase0.png
[2020-01-20T04:00:05Z-0500] Starting Bot
[2020-01-20T08:00:05Z-0500] Changing working directory to responses folder at: /home/joshua/TypingDetector/warns
[2020-01-20T08:00:05Z-0500] Looking for images
[2020-01-20T08:00:05Z-0500] Found image /home/joshua/TypingDetector/warns/phase/phase0.png
[2020-01-20T08:00:05Z-0500] Starting Bot
[2020-01-20T12:00:05Z-0500] Changing working directory to responses folder at: /home/joshua/TypingDetector/warns
[2020-01-20T12:00:05Z-0500] Looking for images
[2020-01-20T12:00:05Z-0500] Found image /home/joshua/TypingDetector/warns/phase/phase0.png
[2020-01-20T12:00:05Z-0500] Starting Bot
[2020-01-20T16:00:05Z-0500] Changing working directory to responses folder at: /home/joshua/TypingDetector/warns
[2020-01-20T16:00:05Z-0500] Looking for images
[2020-01-20T16:00:05Z-0500] Found image /home/joshua/TypingDetector/warns/phase/phase0.png
[2020-01-20T16:00:05Z-0500] Starting Bot
[2020-01-20T20:00:05Z-0500] Changing working directory to responses folder at: /home/joshua/TypingDetector/warns
[2020-01-20T20:00:05Z-0500] Looking for images
[2020-01-20T20:00:05Z-0500] Found image /home/joshua/TypingDetector/warns/phase/phase0.png
[2020-01-20T20:00:05Z-0500] Starting Bot
[2020-01-21T00:00:05Z-0500] Changing working directory to responses folder at: /home/joshua/TypingDetector/warns
[2020-01-21T00:00:05Z-0500] Looking for images
[2020-01-21T00:00:05Z-0500] Found image /home/joshua/TypingDetector/warns/phase/phase0.png
[2020-01-21T00:00:05Z-0500] Starting Bot
[2020-01-21T04:00:05Z-0500] Changing working directory to responses folder at: /home/joshua/TypingDetector/warns
[2020-01-21T04:00:05Z-0500] Looking for images
[2020-01-21T04:00:05Z-0500] Found image /home/joshua/TypingDetector/warns/phase/phase0.png
[2020-01-21T04:00:05Z-0500] Starting Bot
[2020-01-21T08:00:05Z-0500] Changing working directory to responses folder at: /home/joshua/TypingDetector/warns
[2020-01-21T08:00:05Z-0500] Looking for images
[2020-01-21T08:00:05Z-0500] Found image /home/joshua/TypingDetector/warns/phase/phase0.png
[2020-01-21T08:00:05Z-0500] Starting Bot
[2020-01-21T12:00:05Z-0500] Changing working directory to responses folder at: /home/joshua/TypingDetector/warns
[2020-01-21T12:00:05Z-0500] Looking for images
[2020-01-21T12:00:05Z-0500] Found image /home/joshua/TypingDetector/warns/phase/phase0.png
[2020-01-21T12:00:05Z-0500] Starting Bot
[2020-01-21T16:00:05Z-0500] Changing working directory to responses folder at: /home/joshua/TypingDetector/warns
[2020-01-21T16:00:05Z-0500] Looking for images
[2020-01-21T16:00:05Z-0500] Found image /home/joshua/TypingDetector/warns/phase/phase0.png
[2020-01-21T16:00:05Z-0500] Starting Bot
[2020-01-21T20:00:05Z-0500] Changing working directory to responses folder at: /home/joshua/TypingDetector/warns
[2020-01-21T20:00:05Z-0500] Looking for images
[2020-01-21T20:00:05Z-0500] Found image /home/joshua/TypingDetector/warns/phase/phase0.png
[2020-01-21T20:00:05Z-0500] Starting Bot
[2020-01-22T00:00:05Z-0500] Changing working directory to responses folder at: /home/joshua/TypingDetector/warns
[2020-01-22T00:00:05Z-0500] Looking for images
[2020-01-22T00:00:05Z-0500] Found image /home/joshua/TypingDetector/warns/phase/phase0.png
[2020-01-22T00:00:05Z-0500] Starting Bot
[2020-01-22T04:00:05Z-0500] Changing working directory to responses folder at: /home/joshua/TypingDetector/warns
[2020-01-22T04:00:05Z-0500] Looking for images
[2020-01-22T04:00:05Z-0500] Found image /home/joshua/TypingDetector/warns/phase/phase0.png
[2020-01-22T04:00:05Z-0500] Starting Bot
[2020-01-22T08:00:05Z-0500] Changing working directory to responses folder at: /home/joshua/TypingDetector/warns
[2020-01-22T08:00:05Z-0500] Looking for images
[2020-01-22T08:00:05Z-0500] Found image /home/joshua/TypingDetector/warns/phase/phase0.png
[2020-01-22T08:00:05Z-0500] Starting Bot
[2020-01-22T12:00:05Z-0500] Changing working directory to responses folder at: /home/joshua/TypingDetector/warns
[2020-01-22T12:00:05Z-0500] Looking for images
[2020-01-22T12:00:05Z-0500] Found image /home/joshua/TypingDetector/warns/phase/phase0.png
[2020-01-22T12:00:05Z-0500] Starting Bot
[2020-01-22T16:00:05Z-0500] Changing working directory to responses folder at: /home/joshua/TypingDetector/warns
[2020-01-22T16:00:05Z-0500] Looking for images
[2020-01-22T16:00:05Z-0500] Found image /home/joshua/TypingDetector/warns/phase/phase0.png
[2020-01-22T16:00:05Z-0500] Starting Bot
[2020-01-22T20:00:06Z-0500] Changing working directory to responses folder at: /home/joshua/TypingDetector/warns
[2020-01-22T20:00:06Z-0500] Looking for images
[2020-01-22T20:00:06Z-0500] Found image /home/joshua/TypingDetector/warns/phase/phase0.png
[2020-01-22T20:00:06Z-0500] Starting Bot
[2020-01-23T00:00:05Z-0500] Changing working directory to responses folder at: /home/joshua/TypingDetector/warns
[2020-01-23T00:00:05Z-0500] Looking for images
[2020-01-23T00:00:05Z-0500] Found image /home/joshua/TypingDetector/warns/phase/phase0.png
[2020-01-23T00:00:05Z-0500] Starting Bot
[2020-01-23T04:00:06Z-0500] Changing working directory to responses folder at: /home/joshua/TypingDetector/warns
[2020-01-23T04:00:06Z-0500] Looking for images
[2020-01-23T04:00:06Z-0500] Found image /home/joshua/TypingDetector/warns/phase/phase0.png
[2020-01-23T04:00:06Z-0500] Starting Bot
[2020-01-23T08:00:05Z-0500] Changing working directory to responses folder at: /home/joshua/TypingDetector/warns
[2020-01-23T08:00:05Z-0500] Looking for images
[2020-01-23T08:00:05Z-0500] Found image /home/joshua/TypingDetector/warns/phase/phase0.png
[2020-01-23T08:00:05Z-0500] Starting Bot
[2020-01-23T12:00:06Z-0500] Changing working directory to responses folder at: /home/joshua/TypingDetector/warns
[2020-01-23T12:00:06Z-0500] Looking for images
[2020-01-23T12:00:06Z-0500] Found image /home/joshua/TypingDetector/warns/phase/phase0.png
[2020-01-23T12:00:06Z-0500] Starting Bot
[2020-01-23T16:00:05Z-0500] Changing working directory to responses folder at: /home/joshua/TypingDetector/warns
[2020-01-23T16:00:05Z-0500] Looking for images
[2020-01-23T16:00:05Z-0500] Found image /home/joshua/TypingDetector/warns/phase/phase0.png
[2020-01-23T16:00:05Z-0500] Starting Bot
[2020-01-23T20:00:06Z-0500] Changing working directory to responses folder at: /home/joshua/TypingDetector/warns
[2020-01-23T20:00:06Z-0500] Looking for images
[2020-01-23T20:00:06Z-0500] Found image /home/joshua/TypingDetector/warns/phase/phase0.png
[2020-01-23T20:00:06Z-0500] Starting Bot
[2020-01-24T00:00:06Z-0500] Changing working directory to responses folder at: /home/joshua/TypingDetector/warns
[2020-01-24T00:00:06Z-0500] Looking for images
[2020-01-24T00:00:06Z-0500] Found image /home/joshua/TypingDetector/warns/phase/phase0.png
[2020-01-24T00:00:06Z-0500] Starting Bot
[2020-01-24T04:00:06Z-0500] Changing working directory to responses folder at: /home/joshua/TypingDetector/warns
[2020-01-24T04:00:06Z-0500] Looking for images
[2020-01-24T04:00:06Z-0500] Found image /home/joshua/TypingDetector/warns/phase/phase0.png
[2020-01-24T04:00:06Z-0500] Starting Bot
[2020-01-24T08:00:05Z-0500] Changing working directory to responses folder at: /home/joshua/TypingDetector/warns
[2020-01-24T08:00:05Z-0500] Looking for images
[2020-01-24T08:00:05Z-0500] Found image /home/joshua/TypingDetector/warns/phase/phase0.png
[2020-01-24T08:00:05Z-0500] Starting Bot
[2020-01-24T12:00:06Z-0500] Changing working directory to responses folder at: /home/joshua/TypingDetector/warns
[2020-01-24T12:00:06Z-0500] Looking for images
[2020-01-24T12:00:06Z-0500] Found image /home/joshua/TypingDetector/warns/phase/phase0.png
[2020-01-24T12:00:06Z-0500] Starting Bot
[2020-01-24T16:00:06Z-0500] Changing working directory to responses folder at: /home/joshua/TypingDetector/warns
[2020-01-24T16:00:06Z-0500] Looking for images
[2020-01-24T16:00:06Z-0500] Found image /home/joshua/TypingDetector/warns/phase/phase0.png
[2020-01-24T16:00:06Z-0500] Starting Bot
[2020-01-24T20:00:06Z-0500] Changing working directory to responses folder at: /home/joshua/TypingDetector/warns
[2020-01-24T20:00:06Z-0500] Looking for images
[2020-01-24T20:00:06Z-0500] Found image /home/joshua/TypingDetector/warns/phase/phase0.png
[2020-01-24T20:00:06Z-0500] Starting Bot
[2020-01-25T00:00:06Z-0500] Changing working directory to responses folder at: /home/joshua/TypingDetector/warns
[2020-01-25T00:00:06Z-0500] Looking for images
[2020-01-25T00:00:06Z-0500] Found image /home/joshua/TypingDetector/warns/phase/phase0.png
[2020-01-25T00:00:06Z-0500] Starting Bot
[2020-01-25T04:00:05Z-0500] Changing working directory to responses folder at: /home/joshua/TypingDetector/warns
[2020-01-25T04:00:05Z-0500] Looking for images
[2020-01-25T04:00:05Z-0500] Found image /home/joshua/TypingDetector/warns/phase/phase0.png
[2020-01-25T04:00:05Z-0500] Starting Bot
[2020-01-25T08:00:06Z-0500] Changing working directory to responses folder at: /home/joshua/TypingDetector/warns
[2020-01-25T08:00:06Z-0500] Looking for images
[2020-01-25T08:00:06Z-0500] Found image /home/joshua/TypingDetector/warns/phase/phase0.png
[2020-01-25T08:00:06Z-0500] Starting Bot
[2020-01-25T12:00:06Z-0500] Changing working directory to responses folder at: /home/joshua/TypingDetector/warns
[2020-01-25T12:00:06Z-0500] Looking for images
[2020-01-25T12:00:06Z-0500] Found image /home/joshua/TypingDetector/warns/phase/phase0.png
[2020-01-25T12:00:06Z-0500] Starting Bot
[2020-01-25T16:00:05Z-0500] Changing working directory to responses folder at: /home/joshua/TypingDetector/warns
[2020-01-25T16:00:05Z-0500] Looking for images
[2020-01-25T16:00:05Z-0500] Found image /home/joshua/TypingDetector/warns/phase/phase0.png
[2020-01-25T16:00:05Z-0500] Starting Bot
[2020-01-25T20:00:05Z-0500] Changing working directory to responses folder at: /home/joshua/TypingDetector/warns
[2020-01-25T20:00:05Z-0500] Looking for images
[2020-01-25T20:00:05Z-0500] Found image /home/joshua/TypingDetector/warns/phase/phase0.png
[2020-01-25T20:00:05Z-0500] Starting Bot
[2020-01-26T00:00:05Z-0500] Changing working directory to responses folder at: /home/joshua/TypingDetector/warns
[2020-01-26T00:00:05Z-0500] Looking for images
[2020-01-26T00:00:05Z-0500] Found image /home/joshua/TypingDetector/warns/phase/phase0.png
[2020-01-26T00:00:05Z-0500] Starting Bot
[2020-01-26T04:00:05Z-0500] Changing working directory to responses folder at: /home/joshua/TypingDetector/warns
[2020-01-26T04:00:05Z-0500] Looking for images
[2020-01-26T04:00:05Z-0500] Found image /home/joshua/TypingDetector/warns/phase/phase0.png
[2020-01-26T04:00:05Z-0500] Starting Bot
[2020-01-26T08:00:05Z-0500] Changing working directory to responses folder at: /home/joshua/TypingDetector/warns
[2020-01-26T08:00:05Z-0500] Looking for images
[2020-01-26T08:00:05Z-0500] Found image /home/joshua/TypingDetector/warns/phase/phase0.png
[2020-01-26T08:00:05Z-0500] Starting Bot
[2020-01-26T11:08:14Z-0500] phase858: "jkjk" > "jkjk" resp: "/home/joshua/TypingDetector/warns/phase/phase0.png"
[2020-01-26T12:00:05Z-0500] Changing working directory to responses folder at: /home/joshua/TypingDetector/warns
[2020-01-26T12:00:05Z-0500] Looking for images
[2020-01-26T12:00:05Z-0500] Found image /home/joshua/TypingDetector/warns/phase/phase0.png
[2020-01-26T12:00:05Z-0500] Starting Bot
[2020-01-26T12:08:21Z-0500] Changing working directory to responses folder at: /home/joshua/TypingDetector/warns
[2020-01-26T12:08:21Z-0500] Looking for images
[2020-01-26T12:08:21Z-0500] Found image /home/joshua/TypingDetector/warns/phase/phase0.png
[2020-01-26T12:08:21Z-0500] Starting Bot
[2020-01-26T12:13:50Z-0500] Changing working directory to responses folder at: /home/joshua/TypingDetector/warns
[2020-01-26T12:13:50Z-0500] Looking for images
[2020-01-26T12:13:50Z-0500] Found image /home/joshua/TypingDetector/warns/phase/phase0.png
[2020-01-26T12:13:50Z-0500] Starting Bot
[2020-01-26T16:00:05Z-0500] Changing working directory to responses folder at: /home/joshua/TypingDetector/warns
[2020-01-26T16:00:05Z-0500] Looking for images
[2020-01-26T16:00:05Z-0500] Found image /home/joshua/TypingDetector/warns/phase/phase0.png
[2020-01-26T16:00:05Z-0500] Starting Bot
[2020-01-26T20:00:05Z-0500] Changing working directory to responses folder at: /home/joshua/TypingDetector/warns
[2020-01-26T20:00:05Z-0500] Looking for images
[2020-01-26T20:00:05Z-0500] Found image /home/joshua/TypingDetector/warns/phase/phase0.png
[2020-01-26T20:00:05Z-0500] Starting Bot
[2020-01-27T00:00:05Z-0500] Changing working directory to responses folder at: /home/joshua/TypingDetector/warns
[2020-01-27T00:00:05Z-0500] Looking for images
[2020-01-27T00:00:05Z-0500] Found image /home/joshua/TypingDetector/warns/phase/phase0.png
[2020-01-27T00:00:05Z-0500] Starting Bot
[2020-01-27T04:00:05Z-0500] Changing working directory to responses folder at: /home/joshua/TypingDetector/warns
[2020-01-27T04:00:05Z-0500] Looking for images
[2020-01-27T04:00:05Z-0500] Found image /home/joshua/TypingDetector/warns/phase/phase0.png
[2020-01-27T04:00:05Z-0500] Starting Bot
[2020-01-27T08:00:07Z-0500] Changing working directory to responses folder at: /home/joshua/TypingDetector/warns
[2020-01-27T08:00:07Z-0500] Looking for images
[2020-01-27T08:00:07Z-0500] Found image /home/joshua/TypingDetector/warns/phase/phase0.png
[2020-01-27T08:00:07Z-0500] Starting Bot
[2020-01-27T12:00:06Z-0500] Changing working directory to responses folder at: /home/joshua/TypingDetector/warns
[2020-01-27T12:00:06Z-0500] Looking for images
[2020-01-27T12:00:06Z-0500] Found image /home/joshua/TypingDetector/warns/phase/phase0.png
[2020-01-27T12:00:06Z-0500] Starting Bot
[2020-01-27T16:00:05Z-0500] Changing working directory to responses folder at: /home/joshua/TypingDetector/warns
[2020-01-27T16:00:05Z-0500] Looking for images
[2020-01-27T16:00:05Z-0500] Found image /home/joshua/TypingDetector/warns/phase/phase0.png
[2020-01-27T16:00:05Z-0500] Starting Bot
[2020-01-27T20:00:05Z-0500] Changing working directory to responses folder at: /home/joshua/TypingDetector/warns
[2020-01-27T20:00:05Z-0500] Looking for images
[2020-01-27T20:00:05Z-0500] Found image /home/joshua/TypingDetector/warns/phase/phase0.png
[2020-01-27T20:00:05Z-0500] Starting Bot
[2020-01-28T00:00:05Z-0500] Changing working directory to responses folder at: /home/joshua/TypingDetector/warns
[2020-01-28T00:00:05Z-0500] Looking for images
[2020-01-28T00:00:05Z-0500] Found image /home/joshua/TypingDetector/warns/phase/phase0.png
[2020-01-28T00:00:05Z-0500] Starting Bot
[2020-01-28T04:00:05Z-0500] Changing working directory to responses folder at: /home/joshua/TypingDetector/warns
[2020-01-28T04:00:05Z-0500] Looking for images
[2020-01-28T04:00:05Z-0500] Found image /home/joshua/TypingDetector/warns/phase/phase0.png
[2020-01-28T04:00:05Z-0500] Starting Bot
[2020-01-28T08:00:05Z-0500] Changing working directory to responses folder at: /home/joshua/TypingDetector/warns
[2020-01-28T08:00:05Z-0500] Looking for images
[2020-01-28T08:00:05Z-0500] Found image /home/joshua/TypingDetector/warns/phase/phase0.png
[2020-01-28T08:00:05Z-0500] Starting Bot
[2020-01-28T12:00:05Z-0500] Changing working directory to responses folder at: /home/joshua/TypingDetector/warns
[2020-01-28T12:00:05Z-0500] Looking for images
[2020-01-28T12:00:05Z-0500] Found image /home/joshua/TypingDetector/warns/phase/phase0.png
[2020-01-28T12:00:05Z-0500] Starting Bot
[2020-01-28T16:00:05Z-0500] Changing working directory to responses folder at: /home/joshua/TypingDetector/warns
[2020-01-28T16:00:05Z-0500] Looking for images
[2020-01-28T16:00:05Z-0500] Found image /home/joshua/TypingDetector/warns/phase/phase0.png
[2020-01-28T16:00:05Z-0500] Starting Bot
[2020-01-28T20:00:05Z-0500] Changing working directory to responses folder at: /home/joshua/TypingDetector/warns
[2020-01-28T20:00:05Z-0500] Looking for images
[2020-01-28T20:00:05Z-0500] Found image /home/joshua/TypingDetector/warns/phase/phase0.png
[2020-01-28T20:00:05Z-0500] Starting Bot
[2020-01-29T00:00:06Z-0500] Changing working directory to responses folder at: /home/joshua/TypingDetector/warns
[2020-01-29T00:00:06Z-0500] Looking for images
[2020-01-29T00:00:06Z-0500] Found image /home/joshua/TypingDetector/warns/phase/phase0.png
[2020-01-29T00:00:06Z-0500] Starting Bot
[2020-01-29T04:00:06Z-0500] Changing working directory to responses folder at: /home/joshua/TypingDetector/warns
[2020-01-29T04:00:06Z-0500] Looking for images
[2020-01-29T04:00:06Z-0500] Found image /home/joshua/TypingDetector/warns/phase/phase0.png
[2020-01-29T04:00:06Z-0500] Starting Bot
[2020-01-29T08:00:05Z-0500] Changing working directory to responses folder at: /home/joshua/TypingDetector/warns
[2020-01-29T08:00:05Z-0500] Looking for images
[2020-01-29T08:00:05Z-0500] Found image /home/joshua/TypingDetector/warns/phase/phase0.png
[2020-01-29T08:00:05Z-0500] Starting Bot
[2020-01-29T12:00:05Z-0500] Changing working directory to responses folder at: /home/joshua/TypingDetector/warns
[2020-01-29T12:00:05Z-0500] Looking for images
[2020-01-29T12:00:05Z-0500] Found image /home/joshua/TypingDetector/warns/phase/phase0.png
[2020-01-29T12:00:05Z-0500] Starting Bot
